2024-02-14 10:50:06 - INFO - [tareas_programadas.py] - Video 4 titulo short1 marcado como POSTED
2024-02-14 10:58:14 - INFO - [tareas_programadas.py] - Video 4 titulo short1 marcado como POSTED
2024-02-14 10:58:14 - INFO - [tareas_programadas.py] - Todos los videos han sido programados. Saliendo del bucle.
2024-02-14 11:59:37 - INFO - [tareas_programadas.py] - Video 3 titulo short1 marcado como POSTED
2024-02-14 11:59:37 - INFO - [tareas_programadas.py] - Todos los videos han sido programados. Saliendo del bucle.
2024-02-14 12:01:27 - INFO - [tareas_programadas.py] - Video 3 titulo short1 marcado como POSTED
2024-02-14 12:01:27 - INFO - [tareas_programadas.py] - Todos los videos han sido programados. Saliendo del bucle.
2024-02-14 12:20:42 - INFO - [tareas_programadas.py] - Video 3 titulo short1 marcado como POSTED
2024-02-14 12:20:42 - INFO - [tareas_programadas.py] - Todos los videos han sido programados. Saliendo del bucle.
2024-02-14 12:22:23 - INFO - [tareas_programadas.py] - Todos los videos han sido programados. Saliendo del bucle.
2024-02-14 13:58:28 - INFO - [tareas_programadas.py] - Video 3 titulo short1 subiendo a TikTok
2024-02-14 13:58:28 - INFO - [tareas_programadas.py] - Video 3 titulo short1 marcado como POSTED
2024-02-14 14:01:39 - INFO - [tareas_programadas.py] - Video 4 titulo short1 subiendo a Youtube
2024-02-14 14:01:39 - INFO - [tareas_programadas.py] - Video 4 titulo short1 marcado como POSTED
2024-02-14 14:01:39 - INFO - [tareas_programadas.py] - Todos los videos han sido programados. Saliendo del bucle.
2024-02-15 09:43:48 - INFO - [tareas_programadas.py] - Video 4 titulo short1 subiendo a Youtube
2024-02-15 09:43:48 - INFO - [tareas_programadas.py] - Video 4 titulo short1 marcado como POSTED
2024-02-15 09:43:48 - INFO - [tareas_programadas.py] - Todos los videos han sido programados. Saliendo del bucle.
2024-02-15 09:51:09 - INFO - [tareas_programadas.py] - Todos los videos han sido programados. Saliendo del bucle.
2024-02-15 09:51:28 - INFO - [tareas_programadas.py] - Todos los videos han sido programados. Saliendo del bucle.
2024-02-15 10:00:22 - INFO - [tareas_programadas.py] - Video 4 titulo short1 subiendo a Youtube
2024-02-15 10:00:22 - INFO - [tareas_programadas.py] - Video 4 titulo short1 marcado como POSTED
2024-02-15 10:00:22 - INFO - [tareas_programadas.py] - Todos los videos han sido programados. Saliendo del bucle.
2024-02-15 10:13:50 - INFO - [tareas_programadas.py] - Video 4 titulo short1 subiendo a Youtube
2024-02-15 10:13:50 - INFO - [tareas_programadas.py] - Video 4 titulo short1 marcado como POSTED
2024-02-15 10:13:50 - INFO - [tareas_programadas.py] - Todos los videos han sido programados. Saliendo del bucle.
2024-02-15 10:30:29 - INFO - [tareas_programadas.py] - Video 4 titulo short1 subiendo a Youtube
2024-02-15 10:30:29 - INFO - [tareas_programadas.py] - Video 4 titulo short1 marcado como POSTED
2024-02-15 10:30:29 - INFO - [tareas_programadas.py] - Todos los videos han sido programados. Saliendo del bucle.
2024-02-15 10:32:31 - INFO - [tareas_programadas.py] - Video 4 titulo short1 subiendo a Youtube
2024-02-15 10:32:31 - INFO - [tareas_programadas.py] - Video 4 titulo short1 marcado como POSTED
2024-02-15 10:32:31 - INFO - [tareas_programadas.py] - Todos los videos han sido programados. Saliendo del bucle.
2024-02-15 10:37:08 - INFO - [tareas_programadas.py] - Todos los videos han sido programados. Saliendo del bucle.
2024-02-15 10:49:17 - INFO - [tareas_programadas.py] - Video 4 titulo short1 subiendo a Youtube
2024-02-15 10:49:17 - INFO - [tareas_programadas.py] - Video 4 titulo short1 marcado como POSTED
2024-02-15 10:49:17 - INFO - [tareas_programadas.py] - Todos los videos han sido programados. Saliendo del bucle.
2024-02-15 10:51:19 - INFO - [tareas_programadas.py] - Video 4 titulo short1 subiendo a Youtube
2024-02-15 10:51:19 - INFO - [tareas_programadas.py] - Video 4 titulo short1 marcado como POSTED
2024-02-15 10:51:19 - INFO - [tareas_programadas.py] - Todos los videos han sido programados. Saliendo del bucle.
2024-02-15 11:06:31 - INFO - [tareas_programadas.py] - Video 4 titulo short1 subiendo a Youtube
2024-02-15 11:06:31 - INFO - [tareas_programadas.py] - Video 4 titulo short1 marcado como POSTED
2024-02-15 11:06:31 - INFO - [tareas_programadas.py] - Todos los videos han sido programados. Saliendo del bucle.
2024-02-15 11:11:35 - INFO - [tareas_programadas.py] - Video 4 titulo short1 subiendo a Youtube
2024-02-15 11:11:35 - INFO - [tareas_programadas.py] - Video 4 titulo short1 marcado como POSTED
2024-02-15 11:11:35 - INFO - [tareas_programadas.py] - Todos los videos han sido programados. Saliendo del bucle.
2024-02-15 11:18:26 - INFO - [tareas_programadas.py] - Video 4 titulo short1 subiendo a Youtube
2024-02-15 11:18:26 - INFO - [tareas_programadas.py] - Video 4 titulo short1 marcado como POSTED
2024-02-15 11:18:26 - INFO - [tareas_programadas.py] - Todos los videos han sido programados. Saliendo del bucle.
2024-02-15 11:34:02 - INFO - [tareas_programadas.py] - Video 4 titulo short1 subiendo a Youtube
2024-02-15 11:34:02 - INFO - [tareas_programadas.py] - Video 4 titulo short1 marcado como POSTED
2024-02-15 11:34:02 - INFO - [tareas_programadas.py] - Todos los videos han sido programados. Saliendo del bucle.
2024-02-15 11:40:28 - INFO - [tareas_programadas.py] - Video 4 titulo short1 subiendo a Youtube
2024-02-15 11:40:28 - INFO - [tareas_programadas.py] - Video 4 titulo short1 marcado como POSTED
2024-02-15 11:40:28 - INFO - [tareas_programadas.py] - Todos los videos han sido programados. Saliendo del bucle.
2024-02-15 11:50:47 - INFO - [tareas_programadas.py] - Todos los videos han sido programados. Saliendo del bucle.
2024-02-15 11:53:30 - INFO - [tareas_programadas.py] - Video 4 titulo short1 subiendo a Youtube
2024-02-15 11:53:30 - INFO - [tareas_programadas.py] - Video 4 titulo short1 marcado como POSTED
2024-02-15 11:53:30 - INFO - [tareas_programadas.py] - Todos los videos han sido programados. Saliendo del bucle.
2024-02-15 12:24:06 - INFO - [tareas_programadas.py] - Todos los videos han sido programados. Saliendo del bucle.
2024-02-15 12:24:56 - INFO - [tareas_programadas.py] - Video 6 titulo short1 marcado como POSTED
2024-02-15 12:24:56 - INFO - [tareas_programadas.py] - Todos los videos han sido programados. Saliendo del bucle.
2024-02-15 12:25:35 - INFO - [tareas_programadas.py] - Video 6 titulo short1 marcado como POSTED
2024-02-15 12:25:35 - INFO - [tareas_programadas.py] - Todos los videos han sido programados. Saliendo del bucle.
2024-02-15 12:28:10 - INFO - [tareas_programadas.py] - Todos los videos han sido programados. Saliendo del bucle.
2024-02-15 12:28:34 - INFO - [tareas_programadas.py] - Video 6 titulo short1 subiendo a X
2024-02-15 12:29:04 - INFO - [tareas_programadas.py] - Video 6 titulo short1 subiendo a X
2024-02-15 12:29:59 - INFO - [tareas_programadas.py] - Video 6 titulo short1 subiendo a X
2024-02-15 12:32:12 - INFO - [tareas_programadas.py] - Video 6 titulo short1 subiendo a X
2024-02-15 12:32:12 - INFO - [tareas_programadas.py] - Video 6 titulo short1 marcado como POSTED
2024-02-15 12:32:12 - INFO - [tareas_programadas.py] - Todos los videos han sido programados. Saliendo del bucle.
2024-02-15 12:34:21 - INFO - [tareas_programadas.py] - Video 6 titulo short1 subiendo a X
2024-02-15 12:34:58 - INFO - [tareas_programadas.py] - Video 6 titulo short1 marcado como POSTED
2024-02-15 12:34:58 - INFO - [tareas_programadas.py] - Todos los videos han sido programados. Saliendo del bucle.
2024-02-15 12:44:24 - INFO - [tareas_programadas.py] - Video 6 titulo short1 subiendo a X
2024-02-15 12:45:59 - INFO - [tareas_programadas.py] - Video 6 titulo short1 subiendo a X
2024-02-15 12:45:59 - INFO - [tareas_programadas.py] - Video 6 titulo short1 marcado como POSTED
2024-02-15 12:45:59 - INFO - [tareas_programadas.py] - Todos los videos han sido programados. Saliendo del bucle.
2024-02-15 12:48:26 - INFO - [tareas_programadas.py] - Video 6 titulo short1 subiendo a X
2024-02-15 12:49:07 - INFO - [tareas_programadas.py] - Video 6 titulo short1 marcado como POSTED
2024-02-15 12:49:07 - INFO - [tareas_programadas.py] - Todos los videos han sido programados. Saliendo del bucle.
2024-02-15 12:57:51 - INFO - [tareas_programadas.py] - Video 6 titulo short1 subiendo a X
2024-02-15 13:01:12 - INFO - [tareas_programadas.py] - Video 6 titulo short1 subiendo a X
2024-02-15 13:06:05 - INFO - [tareas_programadas.py] - Video 6 titulo short1 subiendo a X
2024-02-15 13:06:51 - INFO - [tareas_programadas.py] - Video 6 titulo short1 marcado como POSTED
2024-02-15 13:06:51 - INFO - [tareas_programadas.py] - Todos los videos han sido programados. Saliendo del bucle.
2024-02-15 13:07:03 - INFO - [tareas_programadas.py] - Todos los videos han sido programados. Saliendo del bucle.
2024-02-15 13:07:21 - INFO - [tareas_programadas.py] - Video 6 titulo short1 subiendo a X
2024-02-15 13:08:07 - INFO - [tareas_programadas.py] - Video 6 titulo short1 marcado como POSTED
2024-02-15 13:08:07 - INFO - [tareas_programadas.py] - Todos los videos han sido programados. Saliendo del bucle.
2024-02-15 13:13:49 - INFO - [tareas_programadas.py] - Video 6 titulo short1 subiendo a X
2024-02-15 13:17:34 - INFO - [tareas_programadas.py] - Video 6 titulo short1 subiendo a X
2024-02-15 13:18:39 - INFO - [tareas_programadas.py] - Video 6 titulo short1 marcado como POSTED
2024-02-15 13:18:39 - INFO - [tareas_programadas.py] - Todos los videos han sido programados. Saliendo del bucle.
2024-02-15 13:20:44 - INFO - [tareas_programadas.py] - Video 6 titulo short1 subiendo a X
2024-02-15 13:21:48 - INFO - [tareas_programadas.py] - Video 6 titulo short1 marcado como POSTED
2024-02-15 13:21:48 - INFO - [tareas_programadas.py] - Todos los videos han sido programados. Saliendo del bucle.
2024-02-15 13:23:44 - INFO - [tareas_programadas.py] - Video 6 titulo short1 subiendo a X
2024-02-15 13:24:41 - INFO - [tareas_programadas.py] - Video 6 titulo short1 marcado como POSTED
2024-02-15 13:24:41 - INFO - [tareas_programadas.py] - Todos los videos han sido programados. Saliendo del bucle.
2024-02-15 13:26:41 - INFO - [tareas_programadas.py] - Video 6 titulo short1 subiendo a X
2024-02-15 13:27:41 - INFO - [tareas_programadas.py] - Video 6 titulo short1 marcado como POSTED
2024-02-15 13:27:41 - INFO - [tareas_programadas.py] - Todos los videos han sido programados. Saliendo del bucle.
2024-02-15 13:30:26 - INFO - [tareas_programadas.py] - Video 6 titulo short1 subiendo a X
2024-02-15 13:36:50 - INFO - [tareas_programadas.py] - Video 6 titulo short1 subiendo a X
2024-02-15 13:40:29 - INFO - [tareas_programadas.py] - Video 6 titulo short1 marcado como POSTED
2024-02-15 13:40:29 - INFO - [tareas_programadas.py] - Todos los videos han sido programados. Saliendo del bucle.
2024-02-19 11:56:51 - INFO - [tareas_programadas.py] - Video 6 titulo short1 subiendo a X
2024-02-19 11:58:33 - INFO - [tareas_programadas.py] - Video 6 titulo short1 subiendo a X
2024-02-19 11:58:44 - INFO - [tareas_programadas.py] - Video 6 titulo short1 subiendo a X
2024-02-19 12:28:33 - INFO - [tareas_programadas.py] - Video 1 titulo short1 marcado como POSTED
2024-02-19 12:28:33 - INFO - [tareas_programadas.py] - Video 6 titulo short1 marcado como POSTED
2024-02-19 12:28:33 - INFO - [tareas_programadas.py] - Todos los videos han sido programados. Saliendo del bucle.
2024-02-19 13:50:49 - INFO - [tareas_programadas.py] - Video 1 titulo short1 subiendo a Youtube
2024-02-19 13:56:32 - INFO - [tareas_programadas.py] - Video 1 titulo short1 subiendo a Youtube
2024-02-19 14:05:32 - INFO - [tareas_programadas.py] - Video 1 titulo short1 subiendo a Youtube
2024-02-19 14:30:27 - INFO - [tareas_programadas.py] - Video 1 titulo short1 subiendo a Youtube
2024-02-19 14:30:27 - INFO - [tareas_programadas.py] - Video 1 titulo short1 marcado como POSTED
2024-02-19 14:30:27 - INFO - [tareas_programadas.py] - Video 2 titulo short1 marcado como POSTED
2024-02-19 14:30:27 - INFO - [tareas_programadas.py] - Video 3 titulo short1 subiendo a X
2024-02-19 14:34:03 - INFO - [tareas_programadas.py] - Video 3 titulo short1 marcado como POSTED
2024-02-19 14:34:51 - INFO - [tareas_programadas.py] - Video 4 titulo short1 subiendo a Meta
2024-02-19 14:34:51 - INFO - [tareas_programadas.py] - Video 4 titulo short1 marcado como POSTED
2024-02-19 14:35:02 - INFO - [tareas_programadas.py] - Video 6 titulo short1 subiendo a Meta
2024-02-19 14:35:02 - INFO - [tareas_programadas.py] - Video 6 titulo short1 marcado como POSTED
2024-02-19 14:37:28 - INFO - [tareas_programadas.py] - Video 7 titulo short1 subiendo a Meta
2024-02-19 14:37:28 - INFO - [tareas_programadas.py] - Video 7 titulo short1 marcado como POSTED
2024-02-19 14:37:28 - INFO - [tareas_programadas.py] - Todos los videos han sido programados. Saliendo del bucle.
2024-02-19 14:42:51 - INFO - [tareas_programadas.py] - Todos los videos han sido programados. Saliendo del bucle.
2024-02-19 14:45:21 - INFO - [tareas_programadas.py] - Video 1 titulo short1 subiendo a Youtube
2024-02-19 14:45:21 - INFO - [tareas_programadas.py] - Video 1 titulo short1 marcado como POSTED
2024-02-19 14:45:21 - INFO - [tareas_programadas.py] - Video 2 titulo short1 marcado como POSTED
2024-02-19 14:45:21 - INFO - [tareas_programadas.py] - Video 3 titulo short1 subiendo a X
2024-02-19 14:48:58 - INFO - [tareas_programadas.py] - Video 3 titulo short1 marcado como POSTED
2024-02-19 14:49:45 - INFO - [tareas_programadas.py] - Video 4 titulo short1 subiendo a Meta
2024-02-19 14:49:45 - INFO - [tareas_programadas.py] - Video 4 titulo short1 marcado como POSTED
2024-02-19 14:49:57 - INFO - [tareas_programadas.py] - Video 6 titulo short1 subiendo a Meta
2024-02-19 14:49:57 - INFO - [tareas_programadas.py] - Video 6 titulo short1 marcado como POSTED
2024-02-20 09:18:19 - INFO - [tareas_programadas.py] - Video 1 titulo short1 subiendo a Youtube
2024-02-20 09:18:19 - INFO - [tareas_programadas.py] - Video 1 titulo short1 marcado como POSTED
2024-02-20 09:18:19 - INFO - [tareas_programadas.py] - Video 2 titulo short1 marcado como POSTED
2024-02-20 09:18:19 - INFO - [tareas_programadas.py] - Video 3 titulo short1 subiendo a X
2024-02-20 09:21:55 - INFO - [tareas_programadas.py] - Video 3 titulo short1 marcado como POSTED
2024-02-20 09:22:43 - INFO - [tareas_programadas.py] - Video 4 titulo short1 subiendo a Meta
2024-02-20 09:22:43 - INFO - [tareas_programadas.py] - Video 4 titulo short1 marcado como POSTED
2024-02-20 09:24:40 - INFO - [tareas_programadas.py] - Video 6 titulo short1 subiendo a Meta
2024-02-20 09:24:40 - INFO - [tareas_programadas.py] - Video 6 titulo short1 marcado como POSTED
2024-02-20 09:30:48 - INFO - [tareas_programadas.py] - Video 2 titulo short1 marcado como POSTED
2024-02-20 09:30:48 - INFO - [tareas_programadas.py] - Todos los videos han sido programados. Saliendo del bucle.
2024-02-20 09:36:18 - INFO - [tareas_programadas.py] - Video 2 titulo short1 marcado como POSTED
2024-02-20 09:36:18 - INFO - [tareas_programadas.py] - Todos los videos han sido programados. Saliendo del bucle.
2024-02-20 09:39:26 - INFO - [tareas_programadas.py] - Todos los videos han sido programados. Saliendo del bucle.
2024-02-20 09:50:42 - INFO - [tareas_programadas.py] - Video 2 titulo short1 subiendo a LinkedIn
2024-02-20 09:50:42 - INFO - [tareas_programadas.py] - Video 2 titulo short1 marcado como POSTED
2024-02-20 09:50:42 - INFO - [tareas_programadas.py] - Todos los videos han sido programados. Saliendo del bucle.
2024-02-20 09:52:57 - INFO - [tareas_programadas.py] - Todos los videos han sido programados. Saliendo del bucle.
2024-02-20 09:54:16 - INFO - [tareas_programadas.py] - Video 2 titulo short1 subiendo a LinkedIn
2024-02-20 09:54:16 - INFO - [tareas_programadas.py] - Video 2 titulo short1 marcado como POSTED
2024-02-20 09:54:16 - INFO - [tareas_programadas.py] - Todos los videos han sido programados. Saliendo del bucle.
2024-02-20 09:57:05 - INFO - [tareas_programadas.py] - Video 2 titulo short1 subiendo a LinkedIn
2024-02-20 09:57:06 - INFO - [tareas_programadas.py] - Video 2 titulo short1 marcado como POSTED
2024-02-20 09:57:06 - INFO - [tareas_programadas.py] - Todos los videos han sido programados. Saliendo del bucle.
2024-02-20 10:00:18 - INFO - [tareas_programadas.py] - Video 1 titulo short1 subiendo a Youtube
2024-02-20 10:00:18 - INFO - [tareas_programadas.py] - Video 1 titulo short1 marcado como POSTED
2024-02-20 10:00:18 - INFO - [tareas_programadas.py] - Video 3 titulo short1 subiendo a X
2024-02-20 10:03:59 - INFO - [tareas_programadas.py] - Video 3 titulo short1 subiendo a X
2024-02-20 10:07:44 - INFO - [tareas_programadas.py] - Video 3 titulo short1 marcado como POSTED
2024-02-20 10:09:41 - INFO - [tareas_programadas.py] - Video 6 titulo short1 subiendo a Meta
2024-02-20 10:09:41 - INFO - [tareas_programadas.py] - Video 6 titulo short1 marcado como POSTED
2024-02-20 10:17:06 - INFO - [tareas_programadas.py] - Video 6 titulo short1 subiendo a Meta
2024-02-20 10:17:06 - INFO - [tareas_programadas.py] - Video 6 titulo short1 marcado como POSTED
2024-02-20 10:22:13 - INFO - [tareas_programadas.py] - Video 7 titulo short1 subiendo a Meta
2024-02-20 10:22:13 - INFO - [tareas_programadas.py] - Video 7 titulo short1 marcado como POSTED
2024-02-20 10:22:13 - INFO - [tareas_programadas.py] - Todos los videos han sido programados. Saliendo del bucle.
2024-02-20 10:25:11 - INFO - [tareas_programadas.py] - Todos los videos han sido programados. Saliendo del bucle.
2024-02-20 10:27:51 - INFO - [tareas_programadas.py] - Video 7 titulo short1 subiendo a Meta
2024-02-20 10:27:51 - INFO - [tareas_programadas.py] - Video 7 titulo short1 marcado como POSTED
2024-02-20 10:27:51 - INFO - [tareas_programadas.py] - Todos los videos han sido programados. Saliendo del bucle.
2024-02-20 10:39:35 - INFO - [tareas_programadas.py] - Video 1 titulo short1 subiendo a Youtube
2024-02-20 10:39:35 - INFO - [tareas_programadas.py] - Video 1 titulo short1 marcado como POSTED
2024-02-20 10:40:39 - INFO - [tareas_programadas.py] - Video 2 titulo short1 subiendo a LinkedIn
2024-02-20 10:40:39 - INFO - [tareas_programadas.py] - Video 2 titulo short1 marcado como POSTED
2024-02-20 10:40:39 - INFO - [tareas_programadas.py] - Video 3 titulo short1 subiendo a X
2024-02-20 10:44:24 - INFO - [tareas_programadas.py] - Video 3 titulo short1 marcado como POSTED
2024-02-20 10:46:36 - INFO - [tareas_programadas.py] - Video 6 titulo short1 subiendo a Meta
2024-02-20 10:46:36 - INFO - [tareas_programadas.py] - Video 6 titulo short1 marcado como POSTED
2024-02-20 10:49:04 - INFO - [tareas_programadas.py] - Video 7 titulo short1 subiendo a Meta
2024-02-20 10:49:04 - INFO - [tareas_programadas.py] - Video 7 titulo short1 marcado como POSTED
2024-02-20 10:49:04 - INFO - [tareas_programadas.py] - Todos los videos han sido programados. Saliendo del bucle.
2024-02-20 11:59:29 - INFO - [tareas_programadas.py] - Video 1 titulo short1 subiendo a Youtube
2024-02-20 11:59:29 - INFO - [tareas_programadas.py] - Video 1 titulo short1 marcado como POSTED
2024-02-20 11:59:29 - INFO - [tareas_programadas.py] - Todos los videos han sido programados. Saliendo del bucle.
2024-02-20 12:14:45 - INFO - [tareas_programadas.py] - Todos los videos han sido programados. Saliendo del bucle.
2024-02-22 09:40:10 - INFO - [tareas_programadas.py] - Video 1 titulo video1920 subiendo a Youtube
2024-02-22 09:40:10 - INFO - [tareas_programadas.py] - Video 1 titulo video1920 marcado como POSTED
2024-02-22 09:42:22 - INFO - [tareas_programadas.py] - Video 2 titulo video1920 subiendo a Meta
2024-02-22 09:42:22 - INFO - [tareas_programadas.py] - Video 2 titulo video1920 marcado como POSTED
2024-02-22 09:42:22 - INFO - [tareas_programadas.py] - Video 3 titulo video1980 subiendo a X
2024-02-22 09:49:01 - INFO - [tareas_programadas.py] - Video 3 titulo video1980 subiendo a X
2024-02-22 09:52:46 - INFO - [tareas_programadas.py] - Video 3 titulo video1980 marcado como POSTED
2024-02-22 09:58:26 - INFO - [tareas_programadas.py] - Video 7 titulo short1 subiendo a Meta
2024-02-22 09:58:26 - INFO - [tareas_programadas.py] - Video 7 titulo short1 marcado como POSTED
2024-02-22 09:58:26 - INFO - [tareas_programadas.py] - Todos los videos han sido programados. Saliendo del bucle.
2024-02-22 10:00:05 - INFO - [tareas_programadas.py] - Video 3 titulo video1080 subiendo a X
2024-02-22 10:02:24 - INFO - [tareas_programadas.py] - Video 3 titulo video1080 subiendo a X
2024-02-22 10:03:44 - INFO - [tareas_programadas.py] - Video 3 titulo video1080 subiendo a X
2024-02-22 10:08:20 - INFO - [tareas_programadas.py] - Video 3 titulo video1080 subiendo a X
2024-02-22 10:09:56 - INFO - [tareas_programadas.py] - Video 3 titulo video1080 subiendo a X
2024-02-22 10:10:32 - INFO - [tareas_programadas.py] - Video 3 titulo video1080 subiendo a X
2024-02-22 10:12:27 - INFO - [tareas_programadas.py] - Video 3 titulo video1080 subiendo a X
2024-02-22 10:12:52 - INFO - [tareas_programadas.py] - Video 3 titulo video1080 subiendo a X
2024-02-22 10:16:58 - INFO - [tareas_programadas.py] - Video 3 titulo video1080 subiendo a X
2024-02-22 10:21:40 - INFO - [tareas_programadas.py] - Video 3 titulo video1080 subiendo a X
2024-02-22 10:23:43 - INFO - [tareas_programadas.py] - Video 3 titulo video1080 subiendo a X
2024-02-22 10:25:55 - INFO - [tareas_programadas.py] - Video 3 titulo video1080 subiendo a X
